{"/Users/shawnellis/Desktop/MongoDB-APINotes/app/controller/playerController.js": {"path":"/Users/shawnellis/Desktop/MongoDB-APINotes/app/controller/playerController.js","statementMap":{"0":{"start":{"line":1,"column":16},"end":{"line":1,"column":44}},"1":{"start":{"line":2,"column":13},"end":{"line":2,"column":38}},"2":{"start":{"line":3,"column":17},"end":{"line":3,"column":48}},"3":{"start":{"line":6,"column":22},"end":{"line":48,"column":1}},"4":{"start":{"line":7,"column":4},"end":{"line":47,"column":5}},"5":{"start":{"line":8,"column":25},"end":{"line":8,"column":50}},"6":{"start":{"line":10,"column":8},"end":{"line":13,"column":10}},"7":{"start":{"line":12,"column":23},"end":{"line":12,"column":34}},"8":{"start":{"line":15,"column":25},"end":{"line":15,"column":47}},"9":{"start":{"line":17,"column":20},"end":{"line":17,"column":42}},"10":{"start":{"line":19,"column":8},"end":{"line":24,"column":9}},"11":{"start":{"line":20,"column":27},"end":{"line":20,"column":64}},"12":{"start":{"line":21,"column":12},"end":{"line":21,"column":41}},"13":{"start":{"line":23,"column":12},"end":{"line":23,"column":41}},"14":{"start":{"line":26,"column":8},"end":{"line":31,"column":9}},"15":{"start":{"line":27,"column":27},"end":{"line":27,"column":62}},"16":{"start":{"line":28,"column":12},"end":{"line":28,"column":39}},"17":{"start":{"line":30,"column":12},"end":{"line":30,"column":38}},"18":{"start":{"line":33,"column":21},"end":{"line":33,"column":50}},"19":{"start":{"line":34,"column":22},"end":{"line":34,"column":52}},"20":{"start":{"line":35,"column":21},"end":{"line":35,"column":39}},"21":{"start":{"line":37,"column":8},"end":{"line":37,"column":46}},"22":{"start":{"line":39,"column":24},"end":{"line":39,"column":35}},"23":{"start":{"line":41,"column":8},"end":{"line":44,"column":11}},"24":{"start":{"line":46,"column":8},"end":{"line":46,"column":71}},"25":{"start":{"line":50,"column":22},"end":{"line":76,"column":1}},"26":{"start":{"line":51,"column":19},"end":{"line":51,"column":29}},"27":{"start":{"line":53,"column":4},"end":{"line":75,"column":5}},"28":{"start":{"line":54,"column":23},"end":{"line":56,"column":42}},"29":{"start":{"line":58,"column":8},"end":{"line":63,"column":9}},"30":{"start":{"line":59,"column":12},"end":{"line":62,"column":15}},"31":{"start":{"line":65,"column":8},"end":{"line":69,"column":11}},"32":{"start":{"line":71,"column":8},"end":{"line":74,"column":11}},"33":{"start":{"line":80,"column":21},"end":{"line":104,"column":1}},"34":{"start":{"line":81,"column":4},"end":{"line":103,"column":5}},"35":{"start":{"line":82,"column":26},"end":{"line":82,"column":56}},"36":{"start":{"line":85,"column":8},"end":{"line":91,"column":9}},"37":{"start":{"line":86,"column":12},"end":{"line":90,"column":14}},"38":{"start":{"line":93,"column":8},"end":{"line":97,"column":11}},"39":{"start":{"line":99,"column":8},"end":{"line":102,"column":10}},"40":{"start":{"line":108,"column":21},"end":{"line":117,"column":1}},"41":{"start":{"line":109,"column":19},"end":{"line":109,"column":29}},"42":{"start":{"line":111,"column":19},"end":{"line":111,"column":79}},"43":{"start":{"line":112,"column":4},"end":{"line":116,"column":6}},"44":{"start":{"line":121,"column":21},"end":{"line":145,"column":5}},"45":{"start":{"line":122,"column":19},"end":{"line":122,"column":29}},"46":{"start":{"line":124,"column":4},"end":{"line":144,"column":9}},"47":{"start":{"line":125,"column":30},"end":{"line":125,"column":65}},"48":{"start":{"line":127,"column":8},"end":{"line":132,"column":9}},"49":{"start":{"line":128,"column":12},"end":{"line":131,"column":15}},"50":{"start":{"line":134,"column":12},"end":{"line":138,"column":14}},"51":{"start":{"line":140,"column":12},"end":{"line":143,"column":14}},"52":{"start":{"line":147,"column":0},"end":{"line":153,"column":1}}},"fnMap":{"0":{"name":"(anonymous_0)","decl":{"start":{"line":6,"column":22},"end":{"line":6,"column":23}},"loc":{"start":{"line":6,"column":42},"end":{"line":48,"column":1}},"line":6},"1":{"name":"(anonymous_1)","decl":{"start":{"line":12,"column":12},"end":{"line":12,"column":13}},"loc":{"start":{"line":12,"column":23},"end":{"line":12,"column":34}},"line":12},"2":{"name":"(anonymous_2)","decl":{"start":{"line":50,"column":22},"end":{"line":50,"column":23}},"loc":{"start":{"line":50,"column":42},"end":{"line":76,"column":1}},"line":50},"3":{"name":"(anonymous_3)","decl":{"start":{"line":80,"column":21},"end":{"line":80,"column":22}},"loc":{"start":{"line":80,"column":41},"end":{"line":104,"column":1}},"line":80},"4":{"name":"(anonymous_4)","decl":{"start":{"line":108,"column":21},"end":{"line":108,"column":22}},"loc":{"start":{"line":108,"column":41},"end":{"line":117,"column":1}},"line":108},"5":{"name":"(anonymous_5)","decl":{"start":{"line":121,"column":21},"end":{"line":121,"column":22}},"loc":{"start":{"line":121,"column":41},"end":{"line":145,"column":5}},"line":121}},"branchMap":{"0":{"loc":{"start":{"line":19,"column":8},"end":{"line":24,"column":9}},"type":"if","locations":[{"start":{"line":19,"column":8},"end":{"line":24,"column":9}},{"start":{"line":22,"column":15},"end":{"line":24,"column":9}}],"line":19},"1":{"loc":{"start":{"line":26,"column":8},"end":{"line":31,"column":9}},"type":"if","locations":[{"start":{"line":26,"column":8},"end":{"line":31,"column":9}},{"start":{"line":29,"column":15},"end":{"line":31,"column":9}}],"line":26},"2":{"loc":{"start":{"line":33,"column":21},"end":{"line":33,"column":50}},"type":"binary-expr","locations":[{"start":{"line":33,"column":21},"end":{"line":33,"column":45}},{"start":{"line":33,"column":49},"end":{"line":33,"column":50}}],"line":33},"3":{"loc":{"start":{"line":34,"column":22},"end":{"line":34,"column":52}},"type":"binary-expr","locations":[{"start":{"line":34,"column":22},"end":{"line":34,"column":47}},{"start":{"line":34,"column":51},"end":{"line":34,"column":52}}],"line":34},"4":{"loc":{"start":{"line":58,"column":8},"end":{"line":63,"column":9}},"type":"if","locations":[{"start":{"line":58,"column":8},"end":{"line":63,"column":9}},{"start":{},"end":{}}],"line":58},"5":{"loc":{"start":{"line":85,"column":8},"end":{"line":91,"column":9}},"type":"if","locations":[{"start":{"line":85,"column":8},"end":{"line":91,"column":9}},{"start":{},"end":{}}],"line":85},"6":{"loc":{"start":{"line":127,"column":8},"end":{"line":132,"column":9}},"type":"if","locations":[{"start":{"line":127,"column":8},"end":{"line":132,"column":9}},{"start":{},"end":{}}],"line":127}},"s":{"0":1,"1":1,"2":1,"3":1,"4":1,"5":1,"6":1,"7":0,"8":1,"9":1,"10":1,"11":0,"12":0,"13":1,"14":1,"15":0,"16":0,"17":1,"18":1,"19":1,"20":1,"21":1,"22":1,"23":1,"24":0,"25":1,"26":1,"27":1,"28":1,"29":1,"30":0,"31":1,"32":0,"33":1,"34":0,"35":0,"36":0,"37":0,"38":0,"39":0,"40":1,"41":0,"42":0,"43":0,"44":1,"45":0,"46":0,"47":0,"48":0,"49":0,"50":0,"51":0,"52":1},"f":{"0":1,"1":0,"2":1,"3":0,"4":0,"5":0},"b":{"0":[0,1],"1":[0,1],"2":[1,1],"3":[1,1],"4":[0,1],"5":[0,0],"6":[0,0]},"_coverageSchema":"1a1c01bbd47fc00a2c39e90264f33305004495a9","hash":"e0ac088b943f04fb6133c35a3d0433788127164c"}
,"/Users/shawnellis/Desktop/MongoDB-APINotes/app/controller/teamController.js": {"path":"/Users/shawnellis/Desktop/MongoDB-APINotes/app/controller/teamController.js","statementMap":{"0":{"start":{"line":1,"column":13},"end":{"line":1,"column":38}},"1":{"start":{"line":2,"column":17},"end":{"line":2,"column":48}},"2":{"start":{"line":3,"column":16},"end":{"line":3,"column":44}},"3":{"start":{"line":5,"column":20},"end":{"line":43,"column":1}},"4":{"start":{"line":6,"column":28},"end":{"line":6,"column":53}},"5":{"start":{"line":8,"column":12},"end":{"line":11,"column":14}},"6":{"start":{"line":10,"column":27},"end":{"line":10,"column":38}},"7":{"start":{"line":13,"column":29},"end":{"line":13,"column":51}},"8":{"start":{"line":15,"column":24},"end":{"line":15,"column":43}},"9":{"start":{"line":17,"column":12},"end":{"line":22,"column":13}},"10":{"start":{"line":18,"column":31},"end":{"line":18,"column":68}},"11":{"start":{"line":19,"column":16},"end":{"line":19,"column":45}},"12":{"start":{"line":21,"column":16},"end":{"line":21,"column":45}},"13":{"start":{"line":24,"column":12},"end":{"line":29,"column":13}},"14":{"start":{"line":25,"column":31},"end":{"line":25,"column":66}},"15":{"start":{"line":26,"column":16},"end":{"line":26,"column":43}},"16":{"start":{"line":28,"column":16},"end":{"line":28,"column":43}},"17":{"start":{"line":31,"column":25},"end":{"line":31,"column":54}},"18":{"start":{"line":32,"column":26},"end":{"line":32,"column":56}},"19":{"start":{"line":33,"column":25},"end":{"line":33,"column":43}},"20":{"start":{"line":35,"column":12},"end":{"line":35,"column":50}},"21":{"start":{"line":37,"column":26},"end":{"line":37,"column":37}},"22":{"start":{"line":39,"column":4},"end":{"line":42,"column":6}},"23":{"start":{"line":45,"column":20},"end":{"line":69,"column":5}},"24":{"start":{"line":46,"column":19},"end":{"line":46,"column":29}},"25":{"start":{"line":48,"column":4},"end":{"line":68,"column":9}},"26":{"start":{"line":49,"column":25},"end":{"line":49,"column":96}},"27":{"start":{"line":51,"column":12},"end":{"line":56,"column":13}},"28":{"start":{"line":52,"column":16},"end":{"line":55,"column":19}},"29":{"start":{"line":58,"column":12},"end":{"line":62,"column":18}},"30":{"start":{"line":64,"column":12},"end":{"line":67,"column":14}},"31":{"start":{"line":72,"column":19},"end":{"line":93,"column":1}},"32":{"start":{"line":73,"column":4},"end":{"line":92,"column":5}},"33":{"start":{"line":74,"column":24},"end":{"line":74,"column":51}},"34":{"start":{"line":76,"column":8},"end":{"line":81,"column":9}},"35":{"start":{"line":77,"column":12},"end":{"line":80,"column":14}},"36":{"start":{"line":82,"column":8},"end":{"line":86,"column":10}},"37":{"start":{"line":88,"column":8},"end":{"line":91,"column":10}},"38":{"start":{"line":96,"column":19},"end":{"line":118,"column":1}},"39":{"start":{"line":97,"column":19},"end":{"line":97,"column":29}},"40":{"start":{"line":98,"column":4},"end":{"line":117,"column":5}},"41":{"start":{"line":99,"column":21},"end":{"line":99,"column":78}},"42":{"start":{"line":101,"column":8},"end":{"line":106,"column":9}},"43":{"start":{"line":102,"column":12},"end":{"line":105,"column":14}},"44":{"start":{"line":107,"column":8},"end":{"line":111,"column":10}},"45":{"start":{"line":113,"column":8},"end":{"line":116,"column":10}},"46":{"start":{"line":121,"column":19},"end":{"line":145,"column":1}},"47":{"start":{"line":122,"column":19},"end":{"line":122,"column":29}},"48":{"start":{"line":124,"column":4},"end":{"line":144,"column":5}},"49":{"start":{"line":125,"column":28},"end":{"line":125,"column":60}},"50":{"start":{"line":127,"column":8},"end":{"line":132,"column":9}},"51":{"start":{"line":128,"column":12},"end":{"line":131,"column":15}},"52":{"start":{"line":134,"column":8},"end":{"line":138,"column":10}},"53":{"start":{"line":140,"column":8},"end":{"line":143,"column":10}},"54":{"start":{"line":147,"column":0},"end":{"line":153,"column":1}}},"fnMap":{"0":{"name":"(anonymous_0)","decl":{"start":{"line":5,"column":20},"end":{"line":5,"column":21}},"loc":{"start":{"line":5,"column":40},"end":{"line":43,"column":1}},"line":5},"1":{"name":"(anonymous_1)","decl":{"start":{"line":10,"column":16},"end":{"line":10,"column":17}},"loc":{"start":{"line":10,"column":27},"end":{"line":10,"column":38}},"line":10},"2":{"name":"(anonymous_2)","decl":{"start":{"line":45,"column":20},"end":{"line":45,"column":21}},"loc":{"start":{"line":45,"column":40},"end":{"line":69,"column":5}},"line":45},"3":{"name":"(anonymous_3)","decl":{"start":{"line":72,"column":19},"end":{"line":72,"column":20}},"loc":{"start":{"line":72,"column":39},"end":{"line":93,"column":1}},"line":72},"4":{"name":"(anonymous_4)","decl":{"start":{"line":96,"column":19},"end":{"line":96,"column":20}},"loc":{"start":{"line":96,"column":39},"end":{"line":118,"column":1}},"line":96},"5":{"name":"(anonymous_5)","decl":{"start":{"line":121,"column":19},"end":{"line":121,"column":20}},"loc":{"start":{"line":121,"column":39},"end":{"line":145,"column":1}},"line":121}},"branchMap":{"0":{"loc":{"start":{"line":17,"column":12},"end":{"line":22,"column":13}},"type":"if","locations":[{"start":{"line":17,"column":12},"end":{"line":22,"column":13}},{"start":{"line":20,"column":19},"end":{"line":22,"column":13}}],"line":17},"1":{"loc":{"start":{"line":24,"column":12},"end":{"line":29,"column":13}},"type":"if","locations":[{"start":{"line":24,"column":12},"end":{"line":29,"column":13}},{"start":{"line":27,"column":19},"end":{"line":29,"column":13}}],"line":24},"2":{"loc":{"start":{"line":31,"column":25},"end":{"line":31,"column":54}},"type":"binary-expr","locations":[{"start":{"line":31,"column":25},"end":{"line":31,"column":49}},{"start":{"line":31,"column":53},"end":{"line":31,"column":54}}],"line":31},"3":{"loc":{"start":{"line":32,"column":26},"end":{"line":32,"column":56}},"type":"binary-expr","locations":[{"start":{"line":32,"column":26},"end":{"line":32,"column":51}},{"start":{"line":32,"column":55},"end":{"line":32,"column":56}}],"line":32},"4":{"loc":{"start":{"line":51,"column":12},"end":{"line":56,"column":13}},"type":"if","locations":[{"start":{"line":51,"column":12},"end":{"line":56,"column":13}},{"start":{},"end":{}}],"line":51},"5":{"loc":{"start":{"line":76,"column":8},"end":{"line":81,"column":9}},"type":"if","locations":[{"start":{"line":76,"column":8},"end":{"line":81,"column":9}},{"start":{},"end":{}}],"line":76},"6":{"loc":{"start":{"line":76,"column":12},"end":{"line":76,"column":57}},"type":"binary-expr","locations":[{"start":{"line":76,"column":12},"end":{"line":76,"column":27}},{"start":{"line":76,"column":31},"end":{"line":76,"column":57}}],"line":76},"7":{"loc":{"start":{"line":101,"column":8},"end":{"line":106,"column":9}},"type":"if","locations":[{"start":{"line":101,"column":8},"end":{"line":106,"column":9}},{"start":{},"end":{}}],"line":101},"8":{"loc":{"start":{"line":127,"column":8},"end":{"line":132,"column":9}},"type":"if","locations":[{"start":{"line":127,"column":8},"end":{"line":132,"column":9}},{"start":{},"end":{}}],"line":127}},"s":{"0":1,"1":1,"2":1,"3":1,"4":1,"5":1,"6":0,"7":1,"8":1,"9":1,"10":1,"11":1,"12":0,"13":1,"14":0,"15":0,"16":1,"17":1,"18":1,"19":1,"20":1,"21":1,"22":1,"23":1,"24":1,"25":1,"26":1,"27":1,"28":0,"29":1,"30":0,"31":1,"32":0,"33":0,"34":0,"35":0,"36":0,"37":0,"38":1,"39":0,"40":0,"41":0,"42":0,"43":0,"44":0,"45":0,"46":1,"47":0,"48":0,"49":0,"50":0,"51":0,"52":0,"53":0,"54":1},"f":{"0":1,"1":0,"2":1,"3":0,"4":0,"5":0},"b":{"0":[1,0],"1":[0,1],"2":[1,1],"3":[1,1],"4":[0,1],"5":[0,0],"6":[0,0],"7":[0,0],"8":[0,0]},"_coverageSchema":"1a1c01bbd47fc00a2c39e90264f33305004495a9","hash":"7278cb3402a48010c28df371fb1a4f23cb8dbd50"}
,"/Users/shawnellis/Desktop/MongoDB-APINotes/app/messages/messages.js": {"path":"/Users/shawnellis/Desktop/MongoDB-APINotes/app/messages/messages.js","statementMap":{"0":{"start":{"line":1,"column":0},"end":{"line":10,"column":1}}},"fnMap":{},"branchMap":{},"s":{"0":2},"f":{},"b":{},"_coverageSchema":"1a1c01bbd47fc00a2c39e90264f33305004495a9","hash":"89b4dfd98afbfc7b74dfe6b705ada03c354f9578"}
,"/Users/shawnellis/Desktop/MongoDB-APINotes/app/models/Players.js": {"path":"/Users/shawnellis/Desktop/MongoDB-APINotes/app/models/Players.js","statementMap":{"0":{"start":{"line":3,"column":17},"end":{"line":3,"column":36}},"1":{"start":{"line":5,"column":22},"end":{"line":33,"column":2}},"2":{"start":{"line":35,"column":0},"end":{"line":35,"column":58}}},"fnMap":{},"branchMap":{},"s":{"0":2,"1":2,"2":2},"f":{},"b":{},"_coverageSchema":"1a1c01bbd47fc00a2c39e90264f33305004495a9","hash":"9771c80d6df11815b72c2273d99a7638674c78a0"}
,"/Users/shawnellis/Desktop/MongoDB-APINotes/app/models/Team.js": {"path":"/Users/shawnellis/Desktop/MongoDB-APINotes/app/models/Team.js","statementMap":{"0":{"start":{"line":1,"column":17},"end":{"line":1,"column":36}},"1":{"start":{"line":3,"column":19},"end":{"line":27,"column":2}},"2":{"start":{"line":29,"column":0},"end":{"line":29,"column":52}}},"fnMap":{},"branchMap":{},"s":{"0":2,"1":2,"2":2},"f":{},"b":{},"_coverageSchema":"1a1c01bbd47fc00a2c39e90264f33305004495a9","hash":"a18eb0c83987d1d29de66a4df752e94e3a878426"}
}
