TN:
SF:app/controller/playerController.js
FN:6,(anonymous_0)
FN:12,(anonymous_1)
FN:50,(anonymous_2)
FN:80,(anonymous_3)
FN:108,(anonymous_4)
FN:121,(anonymous_5)
FNF:6
FNH:2
FNDA:1,(anonymous_0)
FNDA:0,(anonymous_1)
FNDA:1,(anonymous_2)
FNDA:0,(anonymous_3)
FNDA:0,(anonymous_4)
FNDA:0,(anonymous_5)
DA:1,1
DA:2,1
DA:3,1
DA:6,1
DA:7,1
DA:8,1
DA:10,1
DA:12,0
DA:15,1
DA:17,1
DA:19,1
DA:20,0
DA:21,0
DA:23,1
DA:26,1
DA:27,0
DA:28,0
DA:30,1
DA:33,1
DA:34,1
DA:35,1
DA:37,1
DA:39,1
DA:41,1
DA:46,0
DA:50,1
DA:51,1
DA:53,1
DA:54,1
DA:58,1
DA:59,0
DA:65,1
DA:71,0
DA:80,1
DA:81,0
DA:82,0
DA:85,0
DA:86,0
DA:93,0
DA:99,0
DA:108,1
DA:109,0
DA:111,0
DA:112,0
DA:121,1
DA:122,0
DA:124,0
DA:125,0
DA:127,0
DA:128,0
DA:134,0
DA:140,0
DA:147,1
LF:53
LH:29
BRDA:19,0,0,0
BRDA:19,0,1,1
BRDA:26,1,0,0
BRDA:26,1,1,1
BRDA:33,2,0,1
BRDA:33,2,1,1
BRDA:34,3,0,1
BRDA:34,3,1,1
BRDA:58,4,0,0
BRDA:58,4,1,1
BRDA:85,5,0,0
BRDA:85,5,1,0
BRDA:127,6,0,0
BRDA:127,6,1,0
BRF:14
BRH:7
end_of_record
TN:
SF:app/controller/teamController.js
FN:5,(anonymous_0)
FN:10,(anonymous_1)
FN:45,(anonymous_2)
FN:72,(anonymous_3)
FN:96,(anonymous_4)
FN:121,(anonymous_5)
FNF:6
FNH:2
FNDA:1,(anonymous_0)
FNDA:0,(anonymous_1)
FNDA:1,(anonymous_2)
FNDA:0,(anonymous_3)
FNDA:0,(anonymous_4)
FNDA:0,(anonymous_5)
DA:1,1
DA:2,1
DA:3,1
DA:5,1
DA:6,1
DA:8,1
DA:10,0
DA:13,1
DA:15,1
DA:17,1
DA:18,1
DA:19,1
DA:21,0
DA:24,1
DA:25,0
DA:26,0
DA:28,1
DA:31,1
DA:32,1
DA:33,1
DA:35,1
DA:37,1
DA:39,1
DA:45,1
DA:46,1
DA:48,1
DA:49,1
DA:51,1
DA:52,0
DA:58,1
DA:64,0
DA:72,1
DA:73,0
DA:74,0
DA:76,0
DA:77,0
DA:82,0
DA:88,0
DA:96,1
DA:97,0
DA:98,0
DA:99,0
DA:101,0
DA:102,0
DA:107,0
DA:113,0
DA:121,1
DA:122,0
DA:124,0
DA:125,0
DA:127,0
DA:128,0
DA:134,0
DA:140,0
DA:147,1
LF:55
LH:29
BRDA:17,0,0,1
BRDA:17,0,1,0
BRDA:24,1,0,0
BRDA:24,1,1,1
BRDA:31,2,0,1
BRDA:31,2,1,1
BRDA:32,3,0,1
BRDA:32,3,1,1
BRDA:51,4,0,0
BRDA:51,4,1,1
BRDA:76,5,0,0
BRDA:76,5,1,0
BRDA:76,6,0,0
BRDA:76,6,1,0
BRDA:101,7,0,0
BRDA:101,7,1,0
BRDA:127,8,0,0
BRDA:127,8,1,0
BRF:18
BRH:7
end_of_record
TN:
SF:app/messages/messages.js
FNF:0
FNH:0
DA:1,2
LF:1
LH:1
BRF:0
BRH:0
end_of_record
TN:
SF:app/models/Players.js
FNF:0
FNH:0
DA:3,2
DA:5,2
DA:35,2
LF:3
LH:3
BRF:0
BRH:0
end_of_record
TN:
SF:app/models/Team.js
FNF:0
FNH:0
DA:1,2
DA:3,2
DA:29,2
LF:3
LH:3
BRF:0
BRH:0
end_of_record
